This file contains any messages produced by compilers while
running configure, to aid debugging if configure makes a mistake.

It was created by configure, which was
generated by GNU Autoconf 2.63.  Invocation command line was

  $ ./configure --with-cfitsio=/home/gustavo/Documents/MakeImage/cfitsio-3.49

## --------- ##
## Platform. ##
## --------- ##

hostname = schwarzam
uname -m = x86_64
uname -r = 5.4.0-56-generic
uname -s = Linux
uname -v = #62-Ubuntu SMP Mon Nov 23 19:20:19 UTC 2020

/usr/bin/uname -p = x86_64
/bin/uname -X     = unknown

/bin/arch              = x86_64
/usr/bin/arch -k       = unknown
/usr/convex/getsysinfo = unknown
/usr/bin/hostinfo      = unknown
/bin/machine           = unknown
/usr/bin/oslevel       = unknown
/bin/universe          = unknown

PATH: /home/gustavo/.local/bin
PATH: /usr/local/sbin
PATH: /usr/local/bin
PATH: /usr/sbin
PATH: /usr/bin
PATH: /sbin
PATH: /bin
PATH: /usr/games
PATH: /usr/local/games
PATH: /snap/bin


## ----------- ##
## Core tests. ##
## ----------- ##

configure:2072: checking build system type
configure:2090: result: x86_64-unknown-linux-gnu
configure:2112: checking host system type
configure:2127: result: x86_64-unknown-linux-gnu
configure:2149: checking target system type
configure:2164: result: x86_64-unknown-linux-gnu
configure:2208: checking for a BSD-compatible install
configure:2276: result: /usr/bin/install -c
configure:2287: checking whether build environment is sane
configure:2347: result: yes
configure:2488: checking for a thread-safe mkdir -p
configure:2527: result: /usr/bin/mkdir -p
configure:2540: checking for gawk
configure:2570: result: no
configure:2540: checking for mawk
configure:2556: found /usr/bin/mawk
configure:2567: result: mawk
configure:2578: checking whether make sets $(MAKE)
configure:2600: result: yes
configure:2748: checking for g++
configure:2764: found /usr/bin/g++
configure:2775: result: g++
configure:2802: checking for C++ compiler version
configure:2810: g++ --version >&5
g++ (Ubuntu 9.3.0-17ubuntu1~20.04) 9.3.0
Copyright (C) 2019 Free Software Foundation, Inc.
This is free software; see the source for copying conditions.  There is NO
warranty; not even for MERCHANTABILITY or FITNESS FOR A PARTICULAR PURPOSE.

configure:2814: $? = 0
configure:2821: g++ -v >&5
Using built-in specs.
COLLECT_GCC=g++
COLLECT_LTO_WRAPPER=/usr/lib/gcc/x86_64-linux-gnu/9/lto-wrapper
OFFLOAD_TARGET_NAMES=nvptx-none:hsa
OFFLOAD_TARGET_DEFAULT=1
Target: x86_64-linux-gnu
Configured with: ../src/configure -v --with-pkgversion='Ubuntu 9.3.0-17ubuntu1~20.04' --with-bugurl=file:///usr/share/doc/gcc-9/README.Bugs --enable-languages=c,ada,c++,go,brig,d,fortran,objc,obj-c++,gm2 --prefix=/usr --with-gcc-major-version-only --program-suffix=-9 --program-prefix=x86_64-linux-gnu- --enable-shared --enable-linker-build-id --libexecdir=/usr/lib --without-included-gettext --enable-threads=posix --libdir=/usr/lib --enable-nls --enable-clocale=gnu --enable-libstdcxx-debug --enable-libstdcxx-time=yes --with-default-libstdcxx-abi=new --enable-gnu-unique-object --disable-vtable-verify --enable-plugin --enable-default-pie --with-system-zlib --with-target-system-zlib=auto --enable-objc-gc=auto --enable-multiarch --disable-werror --with-arch-32=i686 --with-abi=m64 --with-multilib-list=m32,m64,mx32 --enable-multilib --with-tune=generic --enable-offload-targets=nvptx-none=/build/gcc-9-HskZEa/gcc-9-9.3.0/debian/tmp-nvptx/usr,hsa --without-cuda-driver --enable-checking=release --build=x86_64-linux-gnu --host=x86_64-linux-gnu --target=x86_64-linux-gnu
Thread model: posix
gcc version 9.3.0 (Ubuntu 9.3.0-17ubuntu1~20.04) 
configure:2825: $? = 0
configure:2832: g++ -V >&5
g++: error: unrecognized command line option '-V'
g++: fatal error: no input files
compilation terminated.
configure:2836: $? = 1
configure:2859: checking for C++ compiler default output file name
configure:2881: g++    conftest.cpp  >&5
configure:2885: $? = 0
configure:2923: result: a.out
configure:2942: checking whether the C++ compiler works
configure:2952: ./a.out
configure:2956: $? = 0
configure:2975: result: yes
configure:2982: checking whether we are cross compiling
configure:2984: result: no
configure:2987: checking for suffix of executables
configure:2994: g++ -o conftest    conftest.cpp  >&5
configure:2998: $? = 0
configure:3024: result: 
configure:3030: checking for suffix of object files
configure:3056: g++ -c   conftest.cpp >&5
configure:3060: $? = 0
configure:3085: result: o
configure:3089: checking whether we are using the GNU C++ compiler
configure:3118: g++ -c   conftest.cpp >&5
configure:3125: $? = 0
configure:3142: result: yes
configure:3151: checking whether g++ accepts -g
configure:3181: g++ -c -g  conftest.cpp >&5
configure:3188: $? = 0
configure:3289: result: yes
configure:3323: checking for style of include used by make
configure:3351: result: GNU
configure:3376: checking dependency style of g++
configure:3486: result: gcc3
configure:3615: checking for gcc
configure:3642: result: g++
configure:3874: checking for C compiler version
configure:3882: g++ --version >&5
g++ (Ubuntu 9.3.0-17ubuntu1~20.04) 9.3.0
Copyright (C) 2019 Free Software Foundation, Inc.
This is free software; see the source for copying conditions.  There is NO
warranty; not even for MERCHANTABILITY or FITNESS FOR A PARTICULAR PURPOSE.

configure:3886: $? = 0
configure:3893: g++ -v >&5
Using built-in specs.
COLLECT_GCC=g++
COLLECT_LTO_WRAPPER=/usr/lib/gcc/x86_64-linux-gnu/9/lto-wrapper
OFFLOAD_TARGET_NAMES=nvptx-none:hsa
OFFLOAD_TARGET_DEFAULT=1
Target: x86_64-linux-gnu
Configured with: ../src/configure -v --with-pkgversion='Ubuntu 9.3.0-17ubuntu1~20.04' --with-bugurl=file:///usr/share/doc/gcc-9/README.Bugs --enable-languages=c,ada,c++,go,brig,d,fortran,objc,obj-c++,gm2 --prefix=/usr --with-gcc-major-version-only --program-suffix=-9 --program-prefix=x86_64-linux-gnu- --enable-shared --enable-linker-build-id --libexecdir=/usr/lib --without-included-gettext --enable-threads=posix --libdir=/usr/lib --enable-nls --enable-clocale=gnu --enable-libstdcxx-debug --enable-libstdcxx-time=yes --with-default-libstdcxx-abi=new --enable-gnu-unique-object --disable-vtable-verify --enable-plugin --enable-default-pie --with-system-zlib --with-target-system-zlib=auto --enable-objc-gc=auto --enable-multiarch --disable-werror --with-arch-32=i686 --with-abi=m64 --with-multilib-list=m32,m64,mx32 --enable-multilib --with-tune=generic --enable-offload-targets=nvptx-none=/build/gcc-9-HskZEa/gcc-9-9.3.0/debian/tmp-nvptx/usr,hsa --without-cuda-driver --enable-checking=release --build=x86_64-linux-gnu --host=x86_64-linux-gnu --target=x86_64-linux-gnu
Thread model: posix
gcc version 9.3.0 (Ubuntu 9.3.0-17ubuntu1~20.04) 
configure:3897: $? = 0
configure:3904: g++ -V >&5
g++: error: unrecognized command line option '-V'
g++: fatal error: no input files
compilation terminated.
configure:3908: $? = 1
configure:3911: checking whether we are using the GNU C compiler
configure:3940: g++ -c   conftest.c >&5
configure:3947: $? = 0
configure:3964: result: yes
configure:3973: checking whether g++ accepts -g
configure:4003: g++ -c -g  conftest.c >&5
configure:4010: $? = 0
configure:4111: result: yes
configure:4128: checking for g++ option to accept ISO C89
configure:4202: g++  -c -g -O2  conftest.c >&5
conftest.c:17:17: error: 'p' was not declared in this scope
   17 | static char *e (p, i)
      |                 ^
conftest.c:17:20: error: 'i' was not declared in this scope
   17 | static char *e (p, i)
      |                    ^
conftest.c:17:21: error: expression list treated as compound expression in initializer [-fpermissive]
   17 | static char *e (p, i)
      |                     ^
conftest.c:20:1: error: expected unqualified-id before '{' token
   20 | {
      | ^
conftest.c: In function 'int main()':
conftest.c:56:11: error: cannot convert 'char*' to 'char* (*)(char**, int)'
   56 | return f (e, argv, 0) != argv[0]  ||  f (e, argv, 1) != argv[1];
      |           ^
      |           |
      |           char*
conftest.c:23:26: note:   initializing argument 1 of 'char* f(char* (*)(char**, int), char**, ...)'
   23 | static char *f (char * (*g) (char **, int), char **p, ...)
      |                 ~~~~~~~~~^~~~~~~~~~~~~~~~~
conftest.c:56:42: error: cannot convert 'char*' to 'char* (*)(char**, int)'
   56 | return f (e, argv, 0) != argv[0]  ||  f (e, argv, 1) != argv[1];
      |                                          ^
      |                                          |
      |                                          char*
conftest.c:23:26: note:   initializing argument 1 of 'char* f(char* (*)(char**, int), char**, ...)'
   23 | static char *f (char * (*g) (char **, int), char **p, ...)
      |                 ~~~~~~~~~^~~~~~~~~~~~~~~~~
configure:4209: $? = 1
configure: failed program was:
| /* confdefs.h.  */
| #define PACKAGE_NAME ""
| #define PACKAGE_TARNAME ""
| #define PACKAGE_VERSION ""
| #define PACKAGE_STRING ""
| #define PACKAGE_BUGREPORT ""
| #define PACKAGE "CCfits"
| #define VERSION "2.5"
| /* end confdefs.h.  */
| #include <stdarg.h>
| #include <stdio.h>
| #include <sys/types.h>
| #include <sys/stat.h>
| /* Most of the following tests are stolen from RCS 5.7's src/conf.sh.  */
| struct buf { int x; };
| FILE * (*rcsopen) (struct buf *, struct stat *, int);
| static char *e (p, i)
|      char **p;
|      int i;
| {
|   return p[i];
| }
| static char *f (char * (*g) (char **, int), char **p, ...)
| {
|   char *s;
|   va_list v;
|   va_start (v,p);
|   s = g (p, va_arg (v,int));
|   va_end (v);
|   return s;
| }
| 
| /* OSF 4.0 Compaq cc is some sort of almost-ANSI by default.  It has
|    function prototypes and stuff, but not '\xHH' hex character constants.
|    These don't provoke an error unfortunately, instead are silently treated
|    as 'x'.  The following induces an error, until -std is added to get
|    proper ANSI mode.  Curiously '\x00'!='x' always comes out true, for an
|    array size at least.  It's necessary to write '\x00'==0 to get something
|    that's true only with -std.  */
| int osf4_cc_array ['\x00' == 0 ? 1 : -1];
| 
| /* IBM C 6 for AIX is almost-ANSI by default, but it replaces macro parameters
|    inside strings and character constants.  */
| #define FOO(x) 'x'
| int xlc6_cc_array[FOO(a) == 'x' ? 1 : -1];
| 
| int test (int i, double x);
| struct s1 {int (*f) (int a);};
| struct s2 {int (*f) (double a);};
| int pairnames (int, char **, FILE *(*)(struct buf *, struct stat *, int), int, int);
| int argc;
| char **argv;
| int
| main ()
| {
| return f (e, argv, 0) != argv[0]  ||  f (e, argv, 1) != argv[1];
|   ;
|   return 0;
| }
configure:4202: g++ -qlanglvl=extc89 -c -g -O2  conftest.c >&5
g++: error: unrecognized command line option '-qlanglvl=extc89'
configure:4209: $? = 1
configure: failed program was:
| /* confdefs.h.  */
| #define PACKAGE_NAME ""
| #define PACKAGE_TARNAME ""
| #define PACKAGE_VERSION ""
| #define PACKAGE_STRING ""
| #define PACKAGE_BUGREPORT ""
| #define PACKAGE "CCfits"
| #define VERSION "2.5"
| /* end confdefs.h.  */
| #include <stdarg.h>
| #include <stdio.h>
| #include <sys/types.h>
| #include <sys/stat.h>
| /* Most of the following tests are stolen from RCS 5.7's src/conf.sh.  */
| struct buf { int x; };
| FILE * (*rcsopen) (struct buf *, struct stat *, int);
| static char *e (p, i)
|      char **p;
|      int i;
| {
|   return p[i];
| }
| static char *f (char * (*g) (char **, int), char **p, ...)
| {
|   char *s;
|   va_list v;
|   va_start (v,p);
|   s = g (p, va_arg (v,int));
|   va_end (v);
|   return s;
| }
| 
| /* OSF 4.0 Compaq cc is some sort of almost-ANSI by default.  It has
|    function prototypes and stuff, but not '\xHH' hex character constants.
|    These don't provoke an error unfortunately, instead are silently treated
|    as 'x'.  The following induces an error, until -std is added to get
|    proper ANSI mode.  Curiously '\x00'!='x' always comes out true, for an
|    array size at least.  It's necessary to write '\x00'==0 to get something
|    that's true only with -std.  */
| int osf4_cc_array ['\x00' == 0 ? 1 : -1];
| 
| /* IBM C 6 for AIX is almost-ANSI by default, but it replaces macro parameters
|    inside strings and character constants.  */
| #define FOO(x) 'x'
| int xlc6_cc_array[FOO(a) == 'x' ? 1 : -1];
| 
| int test (int i, double x);
| struct s1 {int (*f) (int a);};
| struct s2 {int (*f) (double a);};
| int pairnames (int, char **, FILE *(*)(struct buf *, struct stat *, int), int, int);
| int argc;
| char **argv;
| int
| main ()
| {
| return f (e, argv, 0) != argv[0]  ||  f (e, argv, 1) != argv[1];
|   ;
|   return 0;
| }
configure:4202: g++ -qlanglvl=ansi -c -g -O2  conftest.c >&5
g++: error: unrecognized command line option '-qlanglvl=ansi'
configure:4209: $? = 1
configure: failed program was:
| /* confdefs.h.  */
| #define PACKAGE_NAME ""
| #define PACKAGE_TARNAME ""
| #define PACKAGE_VERSION ""
| #define PACKAGE_STRING ""
| #define PACKAGE_BUGREPORT ""
| #define PACKAGE "CCfits"
| #define VERSION "2.5"
| /* end confdefs.h.  */
| #include <stdarg.h>
| #include <stdio.h>
| #include <sys/types.h>
| #include <sys/stat.h>
| /* Most of the following tests are stolen from RCS 5.7's src/conf.sh.  */
| struct buf { int x; };
| FILE * (*rcsopen) (struct buf *, struct stat *, int);
| static char *e (p, i)
|      char **p;
|      int i;
| {
|   return p[i];
| }
| static char *f (char * (*g) (char **, int), char **p, ...)
| {
|   char *s;
|   va_list v;
|   va_start (v,p);
|   s = g (p, va_arg (v,int));
|   va_end (v);
|   return s;
| }
| 
| /* OSF 4.0 Compaq cc is some sort of almost-ANSI by default.  It has
|    function prototypes and stuff, but not '\xHH' hex character constants.
|    These don't provoke an error unfortunately, instead are silently treated
|    as 'x'.  The following induces an error, until -std is added to get
|    proper ANSI mode.  Curiously '\x00'!='x' always comes out true, for an
|    array size at least.  It's necessary to write '\x00'==0 to get something
|    that's true only with -std.  */
| int osf4_cc_array ['\x00' == 0 ? 1 : -1];
| 
| /* IBM C 6 for AIX is almost-ANSI by default, but it replaces macro parameters
|    inside strings and character constants.  */
| #define FOO(x) 'x'
| int xlc6_cc_array[FOO(a) == 'x' ? 1 : -1];
| 
| int test (int i, double x);
| struct s1 {int (*f) (int a);};
| struct s2 {int (*f) (double a);};
| int pairnames (int, char **, FILE *(*)(struct buf *, struct stat *, int), int, int);
| int argc;
| char **argv;
| int
| main ()
| {
| return f (e, argv, 0) != argv[0]  ||  f (e, argv, 1) != argv[1];
|   ;
|   return 0;
| }
configure:4202: g++ -std -c -g -O2  conftest.c >&5
g++: error: unrecognized command line option '-std'
configure:4209: $? = 1
configure: failed program was:
| /* confdefs.h.  */
| #define PACKAGE_NAME ""
| #define PACKAGE_TARNAME ""
| #define PACKAGE_VERSION ""
| #define PACKAGE_STRING ""
| #define PACKAGE_BUGREPORT ""
| #define PACKAGE "CCfits"
| #define VERSION "2.5"
| /* end confdefs.h.  */
| #include <stdarg.h>
| #include <stdio.h>
| #include <sys/types.h>
| #include <sys/stat.h>
| /* Most of the following tests are stolen from RCS 5.7's src/conf.sh.  */
| struct buf { int x; };
| FILE * (*rcsopen) (struct buf *, struct stat *, int);
| static char *e (p, i)
|      char **p;
|      int i;
| {
|   return p[i];
| }
| static char *f (char * (*g) (char **, int), char **p, ...)
| {
|   char *s;
|   va_list v;
|   va_start (v,p);
|   s = g (p, va_arg (v,int));
|   va_end (v);
|   return s;
| }
| 
| /* OSF 4.0 Compaq cc is some sort of almost-ANSI by default.  It has
|    function prototypes and stuff, but not '\xHH' hex character constants.
|    These don't provoke an error unfortunately, instead are silently treated
|    as 'x'.  The following induces an error, until -std is added to get
|    proper ANSI mode.  Curiously '\x00'!='x' always comes out true, for an
|    array size at least.  It's necessary to write '\x00'==0 to get something
|    that's true only with -std.  */
| int osf4_cc_array ['\x00' == 0 ? 1 : -1];
| 
| /* IBM C 6 for AIX is almost-ANSI by default, but it replaces macro parameters
|    inside strings and character constants.  */
| #define FOO(x) 'x'
| int xlc6_cc_array[FOO(a) == 'x' ? 1 : -1];
| 
| int test (int i, double x);
| struct s1 {int (*f) (int a);};
| struct s2 {int (*f) (double a);};
| int pairnames (int, char **, FILE *(*)(struct buf *, struct stat *, int), int, int);
| int argc;
| char **argv;
| int
| main ()
| {
| return f (e, argv, 0) != argv[0]  ||  f (e, argv, 1) != argv[1];
|   ;
|   return 0;
| }
configure:4202: g++ -Ae -c -g -O2  conftest.c >&5
<command-line>: error: missing '(' after predicate
conftest.c:17:17: error: 'p' was not declared in this scope
   17 | static char *e (p, i)
      |                 ^
conftest.c:17:20: error: 'i' was not declared in this scope
   17 | static char *e (p, i)
      |                    ^
conftest.c:17:21: error: expression list treated as compound expression in initializer [-fpermissive]
   17 | static char *e (p, i)
      |                     ^
conftest.c:20:1: error: expected unqualified-id before '{' token
   20 | {
      | ^
conftest.c: In function 'int main()':
conftest.c:56:11: error: cannot convert 'char*' to 'char* (*)(char**, int)'
   56 | return f (e, argv, 0) != argv[0]  ||  f (e, argv, 1) != argv[1];
      |           ^
      |           |
      |           char*
conftest.c:23:26: note:   initializing argument 1 of 'char* f(char* (*)(char**, int), char**, ...)'
   23 | static char *f (char * (*g) (char **, int), char **p, ...)
      |                 ~~~~~~~~~^~~~~~~~~~~~~~~~~
conftest.c:56:42: error: cannot convert 'char*' to 'char* (*)(char**, int)'
   56 | return f (e, argv, 0) != argv[0]  ||  f (e, argv, 1) != argv[1];
      |                                          ^
      |                                          |
      |                                          char*
conftest.c:23:26: note:   initializing argument 1 of 'char* f(char* (*)(char**, int), char**, ...)'
   23 | static char *f (char * (*g) (char **, int), char **p, ...)
      |                 ~~~~~~~~~^~~~~~~~~~~~~~~~~
configure:4209: $? = 1
configure: failed program was:
| /* confdefs.h.  */
| #define PACKAGE_NAME ""
| #define PACKAGE_TARNAME ""
| #define PACKAGE_VERSION ""
| #define PACKAGE_STRING ""
| #define PACKAGE_BUGREPORT ""
| #define PACKAGE "CCfits"
| #define VERSION "2.5"
| /* end confdefs.h.  */
| #include <stdarg.h>
| #include <stdio.h>
| #include <sys/types.h>
| #include <sys/stat.h>
| /* Most of the following tests are stolen from RCS 5.7's src/conf.sh.  */
| struct buf { int x; };
| FILE * (*rcsopen) (struct buf *, struct stat *, int);
| static char *e (p, i)
|      char **p;
|      int i;
| {
|   return p[i];
| }
| static char *f (char * (*g) (char **, int), char **p, ...)
| {
|   char *s;
|   va_list v;
|   va_start (v,p);
|   s = g (p, va_arg (v,int));
|   va_end (v);
|   return s;
| }
| 
| /* OSF 4.0 Compaq cc is some sort of almost-ANSI by default.  It has
|    function prototypes and stuff, but not '\xHH' hex character constants.
|    These don't provoke an error unfortunately, instead are silently treated
|    as 'x'.  The following induces an error, until -std is added to get
|    proper ANSI mode.  Curiously '\x00'!='x' always comes out true, for an
|    array size at least.  It's necessary to write '\x00'==0 to get something
|    that's true only with -std.  */
| int osf4_cc_array ['\x00' == 0 ? 1 : -1];
| 
| /* IBM C 6 for AIX is almost-ANSI by default, but it replaces macro parameters
|    inside strings and character constants.  */
| #define FOO(x) 'x'
| int xlc6_cc_array[FOO(a) == 'x' ? 1 : -1];
| 
| int test (int i, double x);
| struct s1 {int (*f) (int a);};
| struct s2 {int (*f) (double a);};
| int pairnames (int, char **, FILE *(*)(struct buf *, struct stat *, int), int, int);
| int argc;
| char **argv;
| int
| main ()
| {
| return f (e, argv, 0) != argv[0]  ||  f (e, argv, 1) != argv[1];
|   ;
|   return 0;
| }
configure:4202: g++ -Aa -D_HPUX_SOURCE -c -g -O2  conftest.c >&5
<command-line>: error: missing '(' after predicate
conftest.c:17:17: error: 'p' was not declared in this scope
   17 | static char *e (p, i)
      |                 ^
conftest.c:17:20: error: 'i' was not declared in this scope
   17 | static char *e (p, i)
      |                    ^
conftest.c:17:21: error: expression list treated as compound expression in initializer [-fpermissive]
   17 | static char *e (p, i)
      |                     ^
conftest.c:20:1: error: expected unqualified-id before '{' token
   20 | {
      | ^
conftest.c: In function 'int main()':
conftest.c:56:11: error: cannot convert 'char*' to 'char* (*)(char**, int)'
   56 | return f (e, argv, 0) != argv[0]  ||  f (e, argv, 1) != argv[1];
      |           ^
      |           |
      |           char*
conftest.c:23:26: note:   initializing argument 1 of 'char* f(char* (*)(char**, int), char**, ...)'
   23 | static char *f (char * (*g) (char **, int), char **p, ...)
      |                 ~~~~~~~~~^~~~~~~~~~~~~~~~~
conftest.c:56:42: error: cannot convert 'char*' to 'char* (*)(char**, int)'
   56 | return f (e, argv, 0) != argv[0]  ||  f (e, argv, 1) != argv[1];
      |                                          ^
      |                                          |
      |                                          char*
conftest.c:23:26: note:   initializing argument 1 of 'char* f(char* (*)(char**, int), char**, ...)'
   23 | static char *f (char * (*g) (char **, int), char **p, ...)
      |                 ~~~~~~~~~^~~~~~~~~~~~~~~~~
configure:4209: $? = 1
configure: failed program was:
| /* confdefs.h.  */
| #define PACKAGE_NAME ""
| #define PACKAGE_TARNAME ""
| #define PACKAGE_VERSION ""
| #define PACKAGE_STRING ""
| #define PACKAGE_BUGREPORT ""
| #define PACKAGE "CCfits"
| #define VERSION "2.5"
| /* end confdefs.h.  */
| #include <stdarg.h>
| #include <stdio.h>
| #include <sys/types.h>
| #include <sys/stat.h>
| /* Most of the following tests are stolen from RCS 5.7's src/conf.sh.  */
| struct buf { int x; };
| FILE * (*rcsopen) (struct buf *, struct stat *, int);
| static char *e (p, i)
|      char **p;
|      int i;
| {
|   return p[i];
| }
| static char *f (char * (*g) (char **, int), char **p, ...)
| {
|   char *s;
|   va_list v;
|   va_start (v,p);
|   s = g (p, va_arg (v,int));
|   va_end (v);
|   return s;
| }
| 
| /* OSF 4.0 Compaq cc is some sort of almost-ANSI by default.  It has
|    function prototypes and stuff, but not '\xHH' hex character constants.
|    These don't provoke an error unfortunately, instead are silently treated
|    as 'x'.  The following induces an error, until -std is added to get
|    proper ANSI mode.  Curiously '\x00'!='x' always comes out true, for an
|    array size at least.  It's necessary to write '\x00'==0 to get something
|    that's true only with -std.  */
| int osf4_cc_array ['\x00' == 0 ? 1 : -1];
| 
| /* IBM C 6 for AIX is almost-ANSI by default, but it replaces macro parameters
|    inside strings and character constants.  */
| #define FOO(x) 'x'
| int xlc6_cc_array[FOO(a) == 'x' ? 1 : -1];
| 
| int test (int i, double x);
| struct s1 {int (*f) (int a);};
| struct s2 {int (*f) (double a);};
| int pairnames (int, char **, FILE *(*)(struct buf *, struct stat *, int), int, int);
| int argc;
| char **argv;
| int
| main ()
| {
| return f (e, argv, 0) != argv[0]  ||  f (e, argv, 1) != argv[1];
|   ;
|   return 0;
| }
configure:4202: g++ -Xc -D__EXTENSIONS__ -c -g -O2  conftest.c >&5
g++: error: unrecognized command line option '-Xc'; did you mean '-X'?
configure:4209: $? = 1
configure: failed program was:
| /* confdefs.h.  */
| #define PACKAGE_NAME ""
| #define PACKAGE_TARNAME ""
| #define PACKAGE_VERSION ""
| #define PACKAGE_STRING ""
| #define PACKAGE_BUGREPORT ""
| #define PACKAGE "CCfits"
| #define VERSION "2.5"
| /* end confdefs.h.  */
| #include <stdarg.h>
| #include <stdio.h>
| #include <sys/types.h>
| #include <sys/stat.h>
| /* Most of the following tests are stolen from RCS 5.7's src/conf.sh.  */
| struct buf { int x; };
| FILE * (*rcsopen) (struct buf *, struct stat *, int);
| static char *e (p, i)
|      char **p;
|      int i;
| {
|   return p[i];
| }
| static char *f (char * (*g) (char **, int), char **p, ...)
| {
|   char *s;
|   va_list v;
|   va_start (v,p);
|   s = g (p, va_arg (v,int));
|   va_end (v);
|   return s;
| }
| 
| /* OSF 4.0 Compaq cc is some sort of almost-ANSI by default.  It has
|    function prototypes and stuff, but not '\xHH' hex character constants.
|    These don't provoke an error unfortunately, instead are silently treated
|    as 'x'.  The following induces an error, until -std is added to get
|    proper ANSI mode.  Curiously '\x00'!='x' always comes out true, for an
|    array size at least.  It's necessary to write '\x00'==0 to get something
|    that's true only with -std.  */
| int osf4_cc_array ['\x00' == 0 ? 1 : -1];
| 
| /* IBM C 6 for AIX is almost-ANSI by default, but it replaces macro parameters
|    inside strings and character constants.  */
| #define FOO(x) 'x'
| int xlc6_cc_array[FOO(a) == 'x' ? 1 : -1];
| 
| int test (int i, double x);
| struct s1 {int (*f) (int a);};
| struct s2 {int (*f) (double a);};
| int pairnames (int, char **, FILE *(*)(struct buf *, struct stat *, int), int, int);
| int argc;
| char **argv;
| int
| main ()
| {
| return f (e, argv, 0) != argv[0]  ||  f (e, argv, 1) != argv[1];
|   ;
|   return 0;
| }
configure:4235: result: unsupported
configure:4252: checking dependency style of g++
configure:4362: result: gcc3
configure:4377: checking for a sed that does not truncate output
configure:4443: result: /usr/bin/sed
configure:4461: checking for grep that handles long lines and -e
configure:4521: result: /usr/bin/grep
configure:4526: checking for egrep
configure:4590: result: /usr/bin/grep -E
configure:4595: checking for fgrep
configure:4659: result: /usr/bin/grep -F
configure:4694: checking for ld used by g++
configure:4761: result: /usr/bin/ld
configure:4770: checking if the linker (/usr/bin/ld) is GNU ld
configure:4785: result: yes
configure:4797: checking for BSD- or MS-compatible name lister (nm)
configure:4846: result: /usr/bin/nm -B
configure:4964: checking the name lister (/usr/bin/nm -B) interface
configure:4981: g++ -c -g -O2  conftest.cpp >&5
configure:4984: /usr/bin/nm -B "conftest.o"
configure:4987: output
0000000000000000 B some_variable
configure:4978: result: BSD nm
configure:4981: checking whether ln -s works
configure:4985: result: yes
configure:4993: checking the maximum length of command line arguments
configure:5113: result: 1572864
configure:5130: checking whether the shell understands some XSI constructs
configure:5139: result: yes
configure:5143: checking whether the shell understands "+="
configure:5147: result: yes
configure:5182: checking for /usr/bin/ld option to reload object files
configure:5189: result: -r
configure:5258: checking for objdump
configure:5274: found /usr/bin/objdump
configure:5285: result: objdump
configure:5317: checking how to recognize dependent libraries
configure:5513: result: pass_all
configure:5573: checking for ar
configure:5589: found /usr/bin/ar
configure:5600: result: ar
configure:5678: checking for strip
configure:5694: found /usr/bin/strip
configure:5705: result: strip
configure:5777: checking for ranlib
configure:5793: found /usr/bin/ranlib
configure:5804: result: ranlib
configure:5894: checking command to parse /usr/bin/nm -B output from g++ object
configure:6012: g++ -c -g -O2  conftest.cpp >&5
configure:6015: $? = 0
configure:6019: /usr/bin/nm -B conftest.o \| sed -n -e 's/^.*[	 ]\([ABCDGIRSTW][ABCDGIRSTW]*\)[	 ][	 ]*\([_A-Za-z][_A-Za-z0-9]*\)$/\1 \2 \2/p' \> conftest.nm
configure:6022: $? = 0
configure:6076: g++ -o conftest -g -O2   conftest.cpp conftstm.o >&5
configure:6079: $? = 0
configure:6117: result: ok
configure:6213: g++ -c -g -O2  conftest.cpp >&5
configure:6216: $? = 0
configure:6984: checking how to run the C preprocessor
configure:7024: g++ -E  conftest.c
configure:7031: $? = 0
configure:7062: g++ -E  conftest.c
conftest.c:10:10: fatal error: ac_nonexistent.h: No such file or directory
   10 | #include <ac_nonexistent.h>
      |          ^~~~~~~~~~~~~~~~~~
compilation terminated.
configure:7069: $? = 1
configure: failed program was:
| /* confdefs.h.  */
| #define PACKAGE_NAME ""
| #define PACKAGE_TARNAME ""
| #define PACKAGE_VERSION ""
| #define PACKAGE_STRING ""
| #define PACKAGE_BUGREPORT ""
| #define PACKAGE "CCfits"
| #define VERSION "2.5"
| /* end confdefs.h.  */
| #include <ac_nonexistent.h>
configure:7102: result: g++ -E
configure:7131: g++ -E  conftest.c
configure:7138: $? = 0
configure:7169: g++ -E  conftest.c
conftest.c:10:10: fatal error: ac_nonexistent.h: No such file or directory
   10 | #include <ac_nonexistent.h>
      |          ^~~~~~~~~~~~~~~~~~
compilation terminated.
configure:7176: $? = 1
configure: failed program was:
| /* confdefs.h.  */
| #define PACKAGE_NAME ""
| #define PACKAGE_TARNAME ""
| #define PACKAGE_VERSION ""
| #define PACKAGE_STRING ""
| #define PACKAGE_BUGREPORT ""
| #define PACKAGE "CCfits"
| #define VERSION "2.5"
| /* end confdefs.h.  */
| #include <ac_nonexistent.h>
configure:7216: checking for ANSI C header files
configure:7246: g++ -c -g -O2  conftest.c >&5
configure:7253: $? = 0
configure:7352: g++ -o conftest -g -O2   conftest.c  >&5
configure:7356: $? = 0
configure:7362: ./conftest
configure:7366: $? = 0
configure:7384: result: yes
configure:7408: checking for sys/types.h
configure:7429: g++ -c -g -O2  conftest.c >&5
configure:7436: $? = 0
configure:7453: result: yes
configure:7408: checking for sys/stat.h
configure:7429: g++ -c -g -O2  conftest.c >&5
configure:7436: $? = 0
configure:7453: result: yes
configure:7408: checking for stdlib.h
configure:7429: g++ -c -g -O2  conftest.c >&5
configure:7436: $? = 0
configure:7453: result: yes
configure:7408: checking for string.h
configure:7429: g++ -c -g -O2  conftest.c >&5
configure:7436: $? = 0
configure:7453: result: yes
configure:7408: checking for memory.h
configure:7429: g++ -c -g -O2  conftest.c >&5
configure:7436: $? = 0
configure:7453: result: yes
configure:7408: checking for strings.h
configure:7429: g++ -c -g -O2  conftest.c >&5
configure:7436: $? = 0
configure:7453: result: yes
configure:7408: checking for inttypes.h
configure:7429: g++ -c -g -O2  conftest.c >&5
configure:7436: $? = 0
configure:7453: result: yes
configure:7408: checking for stdint.h
configure:7429: g++ -c -g -O2  conftest.c >&5
configure:7436: $? = 0
configure:7453: result: yes
configure:7408: checking for unistd.h
configure:7429: g++ -c -g -O2  conftest.c >&5
configure:7436: $? = 0
configure:7453: result: yes
configure:7471: checking for dlfcn.h
configure:7492: g++ -c -g -O2  conftest.c >&5
configure:7499: $? = 0
configure:7516: result: yes
configure:7643: checking for C++ compiler version
configure:7651: g++ --version >&5
g++ (Ubuntu 9.3.0-17ubuntu1~20.04) 9.3.0
Copyright (C) 2019 Free Software Foundation, Inc.
This is free software; see the source for copying conditions.  There is NO
warranty; not even for MERCHANTABILITY or FITNESS FOR A PARTICULAR PURPOSE.

configure:7655: $? = 0
configure:7662: g++ -v >&5
Using built-in specs.
COLLECT_GCC=g++
COLLECT_LTO_WRAPPER=/usr/lib/gcc/x86_64-linux-gnu/9/lto-wrapper
OFFLOAD_TARGET_NAMES=nvptx-none:hsa
OFFLOAD_TARGET_DEFAULT=1
Target: x86_64-linux-gnu
Configured with: ../src/configure -v --with-pkgversion='Ubuntu 9.3.0-17ubuntu1~20.04' --with-bugurl=file:///usr/share/doc/gcc-9/README.Bugs --enable-languages=c,ada,c++,go,brig,d,fortran,objc,obj-c++,gm2 --prefix=/usr --with-gcc-major-version-only --program-suffix=-9 --program-prefix=x86_64-linux-gnu- --enable-shared --enable-linker-build-id --libexecdir=/usr/lib --without-included-gettext --enable-threads=posix --libdir=/usr/lib --enable-nls --enable-clocale=gnu --enable-libstdcxx-debug --enable-libstdcxx-time=yes --with-default-libstdcxx-abi=new --enable-gnu-unique-object --disable-vtable-verify --enable-plugin --enable-default-pie --with-system-zlib --with-target-system-zlib=auto --enable-objc-gc=auto --enable-multiarch --disable-werror --with-arch-32=i686 --with-abi=m64 --with-multilib-list=m32,m64,mx32 --enable-multilib --with-tune=generic --enable-offload-targets=nvptx-none=/build/gcc-9-HskZEa/gcc-9-9.3.0/debian/tmp-nvptx/usr,hsa --without-cuda-driver --enable-checking=release --build=x86_64-linux-gnu --host=x86_64-linux-gnu --target=x86_64-linux-gnu
Thread model: posix
gcc version 9.3.0 (Ubuntu 9.3.0-17ubuntu1~20.04) 
configure:7666: $? = 0
configure:7673: g++ -V >&5
g++: error: unrecognized command line option '-V'
g++: fatal error: no input files
compilation terminated.
configure:7677: $? = 1
configure:7680: checking whether we are using the GNU C++ compiler
configure:7733: result: yes
configure:7742: checking whether g++ accepts -g
configure:7880: result: yes
configure:7905: checking dependency style of g++
configure:8015: result: gcc3
configure:8038: checking how to run the C++ preprocessor
configure:8074: g++ -E  conftest.cpp
configure:8081: $? = 0
configure:8112: g++ -E  conftest.cpp
conftest.cpp:21:10: fatal error: ac_nonexistent.h: No such file or directory
   21 | #include <ac_nonexistent.h>
      |          ^~~~~~~~~~~~~~~~~~
compilation terminated.
configure:8119: $? = 1
configure: failed program was:
| /* confdefs.h.  */
| #define PACKAGE_NAME ""
| #define PACKAGE_TARNAME ""
| #define PACKAGE_VERSION ""
| #define PACKAGE_STRING ""
| #define PACKAGE_BUGREPORT ""
| #define PACKAGE "CCfits"
| #define VERSION "2.5"
| #define STDC_HEADERS 1
| #define HAVE_SYS_TYPES_H 1
| #define HAVE_SYS_STAT_H 1
| #define HAVE_STDLIB_H 1
| #define HAVE_STRING_H 1
| #define HAVE_MEMORY_H 1
| #define HAVE_STRINGS_H 1
| #define HAVE_INTTYPES_H 1
| #define HAVE_STDINT_H 1
| #define HAVE_UNISTD_H 1
| #define HAVE_DLFCN_H 1
| /* end confdefs.h.  */
| #include <ac_nonexistent.h>
configure:8152: result: g++ -E
configure:8181: g++ -E  conftest.cpp
configure:8188: $? = 0
configure:8219: g++ -E  conftest.cpp
conftest.cpp:21:10: fatal error: ac_nonexistent.h: No such file or directory
   21 | #include <ac_nonexistent.h>
      |          ^~~~~~~~~~~~~~~~~~
compilation terminated.
configure:8226: $? = 1
configure: failed program was:
| /* confdefs.h.  */
| #define PACKAGE_NAME ""
| #define PACKAGE_TARNAME ""
| #define PACKAGE_VERSION ""
| #define PACKAGE_STRING ""
| #define PACKAGE_BUGREPORT ""
| #define PACKAGE "CCfits"
| #define VERSION "2.5"
| #define STDC_HEADERS 1
| #define HAVE_SYS_TYPES_H 1
| #define HAVE_SYS_STAT_H 1
| #define HAVE_STDLIB_H 1
| #define HAVE_STRING_H 1
| #define HAVE_MEMORY_H 1
| #define HAVE_STRINGS_H 1
| #define HAVE_INTTYPES_H 1
| #define HAVE_STDINT_H 1
| #define HAVE_UNISTD_H 1
| #define HAVE_DLFCN_H 1
| /* end confdefs.h.  */
| #include <ac_nonexistent.h>
configure:8410: checking for objdir
configure:8425: result: .libs
configure:8717: checking if g++ supports -fno-rtti -fno-exceptions
configure:8754: g++ -c -g -O2  -fno-rtti -fno-exceptions conftest.c >&5
configure:8758: $? = 0
configure:8752: result: yes
configure:8772: checking for g++ option to produce PIC
configure:9044: result: -fPIC -DPIC
configure:9056: checking if g++ PIC flag -fPIC -DPIC works
configure:9093: g++ -c -g -O2  -fPIC -DPIC -DPIC conftest.c >&5
configure:9097: $? = 0
configure:9091: result: yes
configure:9115: checking if g++ static flag -static works
configure:9143: result: yes
configure:9158: checking if g++ supports -c -o file.o
configure:9198: g++ -c -g -O2  -o out/conftest2.o conftest.c >&5
configure:9202: $? = 0
configure:9205: result: yes
configure:9213: checking if g++ supports -c -o file.o
configure:9260: result: yes
configure:9293: checking whether the g++ linker (/usr/bin/ld -m elf_x86_64) supports shared libraries
configure:10367: result: yes
configure:10404: checking whether -lc should be explicitly linked in
configure:10409: g++ -c -g -O2  conftest.c >&5
configure:10412: $? = 0
configure:10427: g++ -shared conftest.o  -v -Wl,-soname -Wl,conftest -o conftest 2\>\&1 \| /usr/bin/grep  -lc  \>/dev/null 2\>\&1
configure:10430: $? = 0
configure:10442: result: no
configure:10606: checking dynamic linker characteristics
configure:11049: g++ -o conftest -g -O2   -Wl,-rpath -Wl,/foo conftest.c  >&5
configure:11056: $? = 0
configure:11292: result: GNU/Linux ld.so
configure:11394: checking how to hardcode library paths into programs
configure:11419: result: immediate
configure:12252: checking whether stripping libraries is possible
configure:12257: result: yes
configure:12292: checking if libtool supports shared libraries
configure:12294: result: yes
configure:12297: checking whether to build shared libraries
configure:12318: result: yes
configure:12321: checking whether to build static libraries
configure:12325: result: no
configure:9324: checking for ld used by g++
configure:9391: result: /usr/bin/ld -m elf_x86_64
configure:9400: checking if the linker (/usr/bin/ld -m elf_x86_64) is GNU ld
configure:9415: result: yes
configure:9470: checking whether the g++ linker (/usr/bin/ld -m elf_x86_64) supports shared libraries
configure:10445: result: yes
configure:10473: g++ -c -g -O2  conftest.cpp >&5
configure:10476: $? = 0
configure:10658: checking for g++ option to produce PIC
configure:10975: result: -fPIC -DPIC
configure:10984: checking if g++ PIC flag -fPIC -DPIC works
configure:14172: g++ -c -g -O2  -fPIC -DPIC -DPIC conftest.cpp >&5
configure:14176: $? = 0
configure:11019: result: yes
configure:11040: checking if g++ static flag -static works
configure:11068: result: yes
configure:11080: checking if g++ supports -c -o file.o
configure:14271: g++ -c -g -O2  -o out/conftest2.o conftest.cpp >&5
configure:14275: $? = 0
configure:11127: result: yes
configure:11132: checking if g++ supports -c -o file.o
configure:11179: result: yes
configure:11209: checking whether the g++ linker (/usr/bin/ld -m elf_x86_64) supports shared libraries
configure:11235: result: yes
configure:11372: checking dynamic linker characteristics
configure:11763: g++ -o conftest -g -O2   -Wl,-rpath -Wl,/foo conftest.cpp  >&5
configure:11770: $? = 0
configure:12006: result: GNU/Linux ld.so
configure:12057: checking how to hardcode library paths into programs
configure:12082: result: immediate
configure:11133: checking for g++
configure:11151: found /usr/bin/g++
configure:11164: result: /usr/bin/g++
configure:11172: checking standard C++ library path
configure:11175: result: /usr/lib 
configure:11179: checking maximum warning verbosity option
configure:11203: result: -Wall for C++ -Wall for C
configure:11209: checking ansi C/C++ option
configure:11230: result: -ansi for C++ -ansi for C
configure:11238: checking for gmake
configure:11266: result: make
configure:11277: checking for main in -lstdc++
configure:11306: g++ -o conftest -g -O2 -Wall -ansi   conftest.cpp -lstdc++   >&5
configure:11313: $? = 0
configure:11334: result: yes
configure:11390: checking for ffpss in -lcfitsio
configure:11425: g++ -o conftest -g -O2 -Wall -ansi  -I/home/gustavo/Documents/MakeImage/cfitsio-3.49/include  -L/home/gustavo/Documents/MakeImage/cfitsio-3.49/lib conftest.cpp -lcfitsio   >&5
configure:11432: $? = 0
configure:11453: result: yes
configure:11476: checking fitsio.h usability
configure:11493: g++ -c -g -O2 -Wall -ansi  -I/home/gustavo/Documents/MakeImage/cfitsio-3.49/include conftest.cpp >&5
configure:11500: $? = 0
configure:11514: result: yes
configure:11518: checking fitsio.h presence
configure:11533: g++ -E  -I/home/gustavo/Documents/MakeImage/cfitsio-3.49/include conftest.cpp
configure:11540: $? = 0
configure:11554: result: yes
configure:11582: checking for fitsio.h
configure:11589: result: yes
configure:11609: result: cfitsio found.
configure:11624: checking whether the compiler implements namespaces
configure:11657: g++ -c -g -O2 -Wall -ansi  -I/home/gustavo/Documents/MakeImage/cfitsio-3.49/include conftest.cpp >&5
configure:11664: $? = 0
configure:11686: result: yes
configure:11696: checking whether the compiler has valarray<T>
configure:11733: g++ -c -g -O2 -Wall -ansi  -I/home/gustavo/Documents/MakeImage/cfitsio-3.49/include conftest.cpp >&5
configure:11740: $? = 0
configure:11762: result: yes
configure:11792: checking sstream usability
configure:11809: g++ -c -g -O2 -Wall -ansi  -I/home/gustavo/Documents/MakeImage/cfitsio-3.49/include conftest.cpp >&5
configure:11816: $? = 0
configure:11830: result: yes
configure:11834: checking sstream presence
configure:11849: g++ -E  -I/home/gustavo/Documents/MakeImage/cfitsio-3.49/include conftest.cpp
configure:11856: $? = 0
configure:11870: result: yes
configure:11898: checking for sstream
configure:11905: result: yes
configure:12213: creating ./config.status

## ---------------------- ##
## Running config.status. ##
## ---------------------- ##

This file was extended by config.status, which was
generated by GNU Autoconf 2.63.  Invocation command line was

  CONFIG_FILES    = 
  CONFIG_HEADERS  = 
  CONFIG_LINKS    = 
  CONFIG_COMMANDS = 
  $ ./config.status 

on schwarzam

config.status:1058: creating Makefile
config.status:1058: creating Doxyfile
config.status:1058: creating CCfits.pc
config.status:1058: creating vs.net/Makefile
config.status:1058: creating config.h
config.status:1280: config.h is unchanged
config.status:1332: executing depfiles commands
config.status:1332: executing libtool commands
configure:14710: result:
        CCFits project now configured.


## ---------------- ##
## Cache variables. ##
## ---------------- ##

ac_cv_build=x86_64-unknown-linux-gnu
ac_cv_c_compiler_gnu=yes
ac_cv_cxx_compiler_gnu=yes
ac_cv_cxx_have_valarray=yes
ac_cv_cxx_namespaces=yes
ac_cv_env_CCC_set=
ac_cv_env_CCC_value=
ac_cv_env_CC_set=
ac_cv_env_CC_value=
ac_cv_env_CFLAGS_set=
ac_cv_env_CFLAGS_value=
ac_cv_env_CPPFLAGS_set=
ac_cv_env_CPPFLAGS_value=
ac_cv_env_CPP_set=
ac_cv_env_CPP_value=
ac_cv_env_CXXCPP_set=
ac_cv_env_CXXCPP_value=
ac_cv_env_CXXFLAGS_set=
ac_cv_env_CXXFLAGS_value=
ac_cv_env_CXX_set=
ac_cv_env_CXX_value=
ac_cv_env_LDFLAGS_set=
ac_cv_env_LDFLAGS_value=
ac_cv_env_LIBS_set=
ac_cv_env_LIBS_value=
ac_cv_env_build_alias_set=
ac_cv_env_build_alias_value=
ac_cv_env_host_alias_set=
ac_cv_env_host_alias_value=
ac_cv_env_target_alias_set=
ac_cv_env_target_alias_value=
ac_cv_header_dlfcn_h=yes
ac_cv_header_fitsio_h=yes
ac_cv_header_inttypes_h=yes
ac_cv_header_memory_h=yes
ac_cv_header_sstream=yes
ac_cv_header_stdc=yes
ac_cv_header_stdint_h=yes
ac_cv_header_stdlib_h=yes
ac_cv_header_string_h=yes
ac_cv_header_strings_h=yes
ac_cv_header_sys_stat_h=yes
ac_cv_header_sys_types_h=yes
ac_cv_header_unistd_h=yes
ac_cv_host=x86_64-unknown-linux-gnu
ac_cv_lib_cfitsio_ffpss=yes
ac_cv_lib_stdcpp_main=yes
ac_cv_objext=o
ac_cv_path_EGREP='/usr/bin/grep -E'
ac_cv_path_FGREP='/usr/bin/grep -F'
ac_cv_path_GREP=/usr/bin/grep
ac_cv_path_SED=/usr/bin/sed
ac_cv_path_install='/usr/bin/install -c'
ac_cv_path_mkdir=/usr/bin/mkdir
ac_cv_path_pfk_cxx_lib_path=/usr/bin/g++
ac_cv_prog_AWK=mawk
ac_cv_prog_CPP='g++ -E'
ac_cv_prog_CXXCPP='g++ -E'
ac_cv_prog_GMAKE=make
ac_cv_prog_ac_ct_AR=ar
ac_cv_prog_ac_ct_CC=g++
ac_cv_prog_ac_ct_CXX=g++
ac_cv_prog_ac_ct_OBJDUMP=objdump
ac_cv_prog_ac_ct_RANLIB=ranlib
ac_cv_prog_ac_ct_STRIP=strip
ac_cv_prog_cc_c89=no
ac_cv_prog_cc_g=yes
ac_cv_prog_cxx_g=yes
ac_cv_prog_make_make_set=yes
ac_cv_target=x86_64-unknown-linux-gnu
am_cv_CC_dependencies_compiler_type=gcc3
am_cv_CXX_dependencies_compiler_type=gcc3
lt_cv_deplibs_check_method=pass_all
lt_cv_file_magic_cmd='$MAGIC_CMD'
lt_cv_file_magic_test_file=
lt_cv_ld_reload_flag=-r
lt_cv_nm_interface='BSD nm'
lt_cv_objdir=.libs
lt_cv_path_LD=/usr/bin/ld
lt_cv_path_LDCXX='/usr/bin/ld -m elf_x86_64'
lt_cv_path_NM='/usr/bin/nm -B'
lt_cv_prog_compiler_c_o=yes
lt_cv_prog_compiler_c_o_CXX=yes
lt_cv_prog_compiler_pic_works=yes
lt_cv_prog_compiler_pic_works_CXX=yes
lt_cv_prog_compiler_rtti_exceptions=yes
lt_cv_prog_compiler_static_works=yes
lt_cv_prog_compiler_static_works_CXX=yes
lt_cv_prog_gnu_ld=yes
lt_cv_prog_gnu_ldcxx=yes
lt_cv_sys_global_symbol_pipe='sed -n -e '\''s/^.*[	 ]\([ABCDGIRSTW][ABCDGIRSTW]*\)[	 ][	 ]*\([_A-Za-z][_A-Za-z0-9]*\)$/\1 \2 \2/p'\'''
lt_cv_sys_global_symbol_to_c_name_address='sed -n -e '\''s/^: \([^ ]*\) $/  {\"\1\", (void *) 0},/p'\'' -e '\''s/^[ABCDGIRSTW]* \([^ ]*\) \([^ ]*\)$/  {"\2", (void *) \&\2},/p'\'''
lt_cv_sys_global_symbol_to_c_name_address_lib_prefix='sed -n -e '\''s/^: \([^ ]*\) $/  {\"\1\", (void *) 0},/p'\'' -e '\''s/^[ABCDGIRSTW]* \([^ ]*\) \(lib[^ ]*\)$/  {"\2", (void *) \&\2},/p'\'' -e '\''s/^[ABCDGIRSTW]* \([^ ]*\) \([^ ]*\)$/  {"lib\2", (void *) \&\2},/p'\'''
lt_cv_sys_global_symbol_to_cdecl='sed -n -e '\''s/^T .* \(.*\)$/extern int \1();/p'\'' -e '\''s/^[ABCDGIRSTW]* .* \(.*\)$/extern char \1;/p'\'''
lt_cv_sys_max_cmd_len=1572864

## ----------------- ##
## Output variables. ##
## ----------------- ##

ACLOCAL='${SHELL} /home/gustavo/Documents/MakeImage/CCfits/config/missing --run aclocal-1.11'
AMDEPBACKSLASH='\'
AMDEP_FALSE='#'
AMDEP_TRUE=''
AMTAR='${SHELL} /home/gustavo/Documents/MakeImage/CCfits/config/missing --run tar'
AR='ar'
AUTOCONF='${SHELL} /home/gustavo/Documents/MakeImage/CCfits/config/missing --run autoconf'
AUTOHEADER='${SHELL} /home/gustavo/Documents/MakeImage/CCfits/config/missing --run autoheader'
AUTOMAKE='${SHELL} /home/gustavo/Documents/MakeImage/CCfits/config/missing --run automake-1.11'
AWK='mawk'
CC='g++'
CCDEPMODE='depmode=gcc3'
CFLAGS='-g -O2 -Wall -ansi'
CPP='g++ -E'
CPPFLAGS=' -I/home/gustavo/Documents/MakeImage/cfitsio-3.49/include'
CXX='g++'
CXXCPP='g++ -E'
CXXDEPMODE='depmode=gcc3'
CXXFLAGS='-g -O2 -Wall -ansi'
CXX_LIB_PATH='/usr/lib'
CYGPATH_W='echo'
DEFS='-DHAVE_CONFIG_H'
DEPDIR='.deps'
DSYMUTIL=''
DUMPBIN=''
ECHO_C=''
ECHO_N='-n'
ECHO_T=''
EGREP='/usr/bin/grep -E'
EXEEXT=''
FGREP='/usr/bin/grep -F'
GMAKE='make'
GREP='/usr/bin/grep'
INSTALL_DATA='${INSTALL} -m 644'
INSTALL_PROGRAM='${INSTALL}'
INSTALL_SCRIPT='${INSTALL}'
INSTALL_STRIP_PROGRAM='$(install_sh) -c -s'
LD='/usr/bin/ld -m elf_x86_64'
LDFLAGS=' -L/home/gustavo/Documents/MakeImage/cfitsio-3.49/lib'
LIBOBJS=''
LIBS='-lcfitsio '
LIBSTDCPP='lstdc++'
LIBTOOL='$(SHELL) $(top_builddir)/libtool'
LIPO=''
LN_S='ln -s'
LTLIBOBJS=''
MAKEINFO='${SHELL} /home/gustavo/Documents/MakeImage/CCfits/config/missing --run makeinfo'
MKDIR_P='/usr/bin/mkdir -p'
NM='/usr/bin/nm -B'
NMEDIT=''
OBJDUMP='objdump'
OBJEXT='o'
OTOOL64=''
OTOOL=''
PACKAGE='CCfits'
PACKAGE_BUGREPORT=''
PACKAGE_NAME=''
PACKAGE_STRING=''
PACKAGE_TARNAME=''
PACKAGE_VERSION=''
PATH_SEPARATOR=':'
RANLIB='ranlib'
RDFLAGS='/home/gustavo/Documents/MakeImage/cfitsio-3.49/lib'
SED='/usr/bin/sed'
SET_MAKE=''
SHELL='/bin/bash'
STLPORT=''
STRIP='strip'
VERSION='2.5'
ac_ct_CC='g++'
ac_ct_CXX='g++'
ac_ct_DUMPBIN=''
am__EXEEXT_FALSE=''
am__EXEEXT_TRUE='#'
am__fastdepCC_FALSE='#'
am__fastdepCC_TRUE=''
am__fastdepCXX_FALSE='#'
am__fastdepCXX_TRUE=''
am__include='include'
am__isrc=''
am__leading_dot='.'
am__quote=''
am__tar='${AMTAR} chof - "$$tardir"'
am__untar='${AMTAR} xf -'
bindir='${exec_prefix}/bin'
build='x86_64-unknown-linux-gnu'
build_alias=''
build_cpu='x86_64'
build_os='linux-gnu'
build_vendor='unknown'
datadir='${datarootdir}'
datarootdir='${prefix}/share'
docdir='${datarootdir}/doc/${PACKAGE}'
dvidir='${docdir}'
exec_prefix='${prefix}'
host='x86_64-unknown-linux-gnu'
host_alias=''
host_cpu='x86_64'
host_os='linux-gnu'
host_vendor='unknown'
htmldir='${docdir}'
includedir='${prefix}/include'
infodir='${datarootdir}/info'
install_sh='${SHELL} /home/gustavo/Documents/MakeImage/CCfits/config/install-sh'
libdir='${exec_prefix}/lib'
libexecdir='${exec_prefix}/libexec'
localedir='${datarootdir}/locale'
localstatedir='${prefix}/var'
lt_ECHO='echo'
mandir='${datarootdir}/man'
mkdir_p='/usr/bin/mkdir -p'
oldincludedir='/usr/include'
pdfdir='${docdir}'
pfk_cxx_lib_path='/usr/bin/g++'
prefix='/usr/local'
program_transform_name='s,x,x,'
psdir='${docdir}'
sbindir='${exec_prefix}/sbin'
sharedstatedir='${prefix}/com'
sysconfdir='${prefix}/etc'
target='x86_64-unknown-linux-gnu'
target_alias=''
target_cpu='x86_64'
target_os='linux-gnu'
target_vendor='unknown'

## ----------- ##
## confdefs.h. ##
## ----------- ##

#define PACKAGE_NAME ""
#define PACKAGE_TARNAME ""
#define PACKAGE_VERSION ""
#define PACKAGE_STRING ""
#define PACKAGE_BUGREPORT ""
#define PACKAGE "CCfits"
#define VERSION "2.5"
#define STDC_HEADERS 1
#define HAVE_SYS_TYPES_H 1
#define HAVE_SYS_STAT_H 1
#define HAVE_STDLIB_H 1
#define HAVE_STRING_H 1
#define HAVE_MEMORY_H 1
#define HAVE_STRINGS_H 1
#define HAVE_INTTYPES_H 1
#define HAVE_STDINT_H 1
#define HAVE_UNISTD_H 1
#define HAVE_DLFCN_H 1
#define LT_OBJDIR ".libs/"
#define HAVE_LIBCFITSIO 1
#define HAVE_PKG_cfitsio 1
#define HAVE_NAMESPACES /**/
#define HAVE_VALARRAY /**/

configure: exit 0
